<?xml version="1.0" encoding="UTF-8"?>
<testsuite xmlns:xsi="http://www.w3.org/2001/XMLSchema-instance" xsi:noNamespaceSchemaLocation="https://maven.apache.org/surefire/maven-surefire-plugin/xsd/surefire-test-report.xsd" name="com.simplilearn.junit._02_checkerTest" time="0.16" tests="7" errors="0" skipped="0" failures="0">
  <properties>
[...]
</properties>
  <testcase name="testPalindrome{String}[1]" classname="com.simplilearn.junit._02_checkerTest" time="0.08"/>
  <testcase name="testPalindrome{String}[2]" classname="com.simplilearn.junit._02_checkerTest" time="0.001"/>
  <testcase name="testPalindrome{String}[3]" classname="com.simplilearn.junit._02_checkerTest" time="0.001"/>
  <testcase name="testPalindrome{String}[4]" classname="com.simplilearn.junit._02_checkerTest" time="0.001"/>
  <testcase name="testNotPalindrome{String}[1]" classname="com.simplilearn.junit._02_checkerTest" time="0.002"/>
  <testcase name="testNotPalindrome{String}[2]" classname="com.simplilearn.junit._02_checkerTest" time="0"/>
  <testcase name="testNotPalindrome{String}[3]" classname="com.simplilearn.junit._02_checkerTest" time="0.007"/>
</testsuite>